[2025-03-15 19:08:45Z INFO HostContext] No proxy settings were found based on environmental variables (http_proxy/https_proxy/HTTP_PROXY/HTTPS_PROXY)
[2025-03-15 19:08:45Z INFO HostContext] Well known directory 'Bin': '/Users/dilipnigam/Downloads/poc4_new/actions-runner/bin'
[2025-03-15 19:08:45Z INFO HostContext] Well known directory 'Root': '/Users/dilipnigam/Downloads/poc4_new/actions-runner'
[2025-03-15 19:08:45Z INFO HostContext] Well known config file 'Credentials': '/Users/dilipnigam/Downloads/poc4_new/actions-runner/.credentials'
[2025-03-15 19:08:45Z INFO HostContext] Well known directory 'Bin': '/Users/dilipnigam/Downloads/poc4_new/actions-runner/bin'
[2025-03-15 19:08:45Z INFO HostContext] Well known directory 'Root': '/Users/dilipnigam/Downloads/poc4_new/actions-runner'
[2025-03-15 19:08:45Z INFO HostContext] Well known config file 'Runner': '/Users/dilipnigam/Downloads/poc4_new/actions-runner/.runner'
[2025-03-15 19:08:45Z INFO Listener] Runner is built for OSX (X64) - osx-x64.
[2025-03-15 19:08:45Z INFO Listener] RuntimeInformation: Darwin 24.1.0 Darwin Kernel Version 24.1.0: Thu Oct 10 21:05:14 PDT 2024; root:xnu-11215.41.3~2/RELEASE_ARM64_T8103.
[2025-03-15 19:08:45Z INFO Listener] Version: 2.322.0
[2025-03-15 19:08:45Z INFO Listener] Commit: 0edc478ca75d0a753dcbcec7405f3f26db67b1ac
[2025-03-15 19:08:45Z INFO Listener] Culture: en-US
[2025-03-15 19:08:45Z INFO Listener] UI Culture: en-US
[2025-03-15 19:08:45Z INFO HostContext] Well known directory 'Bin': '/Users/dilipnigam/Downloads/poc4_new/actions-runner/bin'
[2025-03-15 19:08:45Z INFO HostContext] Well known directory 'Root': '/Users/dilipnigam/Downloads/poc4_new/actions-runner'
[2025-03-15 19:08:45Z INFO Listener] Validating directory permissions for: '/Users/dilipnigam/Downloads/poc4_new/actions-runner'
[2025-03-15 19:08:45Z INFO CommandLineParser] Parse
[2025-03-15 19:08:45Z INFO CommandLineParser] Parsing 5 args
[2025-03-15 19:08:45Z INFO CommandLineParser] parsing argument
[2025-03-15 19:08:45Z INFO CommandLineParser] HasArgs: False
[2025-03-15 19:08:45Z INFO CommandLineParser] Adding Command: configure
[2025-03-15 19:08:45Z INFO CommandLineParser] parsing argument
[2025-03-15 19:08:45Z INFO CommandLineParser] HasArgs: True
[2025-03-15 19:08:45Z INFO CommandLineParser] arg: url
[2025-03-15 19:08:45Z INFO CommandLineParser] parsing argument
[2025-03-15 19:08:45Z INFO CommandLineParser] HasArgs: True
[2025-03-15 19:08:45Z INFO CommandLineParser] Adding option 'url': 'https://github.com/dilip0007/poc4_new'
[2025-03-15 19:08:45Z INFO CommandLineParser] parsing argument
[2025-03-15 19:08:45Z INFO CommandLineParser] HasArgs: True
[2025-03-15 19:08:45Z INFO CommandLineParser] arg: token
[2025-03-15 19:08:45Z INFO CommandLineParser] parsing argument
[2025-03-15 19:08:45Z INFO CommandLineParser] HasArgs: True
[2025-03-15 19:08:45Z INFO CommandLineParser] Adding option 'token': '***'
[2025-03-15 19:08:45Z INFO Listener] Arguments parsed
[2025-03-15 19:08:45Z INFO Runner] ExecuteCommand
[2025-03-15 19:08:45Z INFO ConfigurationStore] currentAssemblyLocation: /Users/dilipnigam/Downloads/poc4_new/actions-runner/bin/Runner.Listener.dll
[2025-03-15 19:08:45Z INFO HostContext] Well known directory 'Bin': '/Users/dilipnigam/Downloads/poc4_new/actions-runner/bin'
[2025-03-15 19:08:45Z INFO ConfigurationStore] binPath: /Users/dilipnigam/Downloads/poc4_new/actions-runner/bin
[2025-03-15 19:08:45Z INFO HostContext] Well known directory 'Bin': '/Users/dilipnigam/Downloads/poc4_new/actions-runner/bin'
[2025-03-15 19:08:45Z INFO HostContext] Well known directory 'Root': '/Users/dilipnigam/Downloads/poc4_new/actions-runner'
[2025-03-15 19:08:45Z INFO ConfigurationStore] RootFolder: /Users/dilipnigam/Downloads/poc4_new/actions-runner
[2025-03-15 19:08:45Z INFO HostContext] Well known directory 'Bin': '/Users/dilipnigam/Downloads/poc4_new/actions-runner/bin'
[2025-03-15 19:08:45Z INFO HostContext] Well known directory 'Root': '/Users/dilipnigam/Downloads/poc4_new/actions-runner'
[2025-03-15 19:08:45Z INFO HostContext] Well known config file 'Runner': '/Users/dilipnigam/Downloads/poc4_new/actions-runner/.runner'
[2025-03-15 19:08:45Z INFO ConfigurationStore] ConfigFilePath: /Users/dilipnigam/Downloads/poc4_new/actions-runner/.runner
[2025-03-15 19:08:45Z INFO HostContext] Well known directory 'Bin': '/Users/dilipnigam/Downloads/poc4_new/actions-runner/bin'
[2025-03-15 19:08:45Z INFO HostContext] Well known directory 'Root': '/Users/dilipnigam/Downloads/poc4_new/actions-runner'
[2025-03-15 19:08:45Z INFO HostContext] Well known config file 'Credentials': '/Users/dilipnigam/Downloads/poc4_new/actions-runner/.credentials'
[2025-03-15 19:08:45Z INFO ConfigurationStore] CredFilePath: /Users/dilipnigam/Downloads/poc4_new/actions-runner/.credentials
[2025-03-15 19:08:45Z INFO HostContext] Well known directory 'Bin': '/Users/dilipnigam/Downloads/poc4_new/actions-runner/bin'
[2025-03-15 19:08:45Z INFO HostContext] Well known directory 'Root': '/Users/dilipnigam/Downloads/poc4_new/actions-runner'
[2025-03-15 19:08:45Z INFO HostContext] Well known config file 'MigratedCredentials': '/Users/dilipnigam/Downloads/poc4_new/actions-runner/.credentials_migrated'
[2025-03-15 19:08:45Z INFO ConfigurationStore] MigratedCredFilePath: /Users/dilipnigam/Downloads/poc4_new/actions-runner/.credentials_migrated
[2025-03-15 19:08:45Z INFO HostContext] Well known directory 'Bin': '/Users/dilipnigam/Downloads/poc4_new/actions-runner/bin'
[2025-03-15 19:08:45Z INFO HostContext] Well known directory 'Root': '/Users/dilipnigam/Downloads/poc4_new/actions-runner'
[2025-03-15 19:08:45Z INFO HostContext] Well known config file 'Service': '/Users/dilipnigam/Downloads/poc4_new/actions-runner/.service'
[2025-03-15 19:08:45Z INFO ConfigurationStore] ServiceConfigFilePath: /Users/dilipnigam/Downloads/poc4_new/actions-runner/.service
[2025-03-15 19:08:45Z INFO CommandSettings] Flag 'help': 'False'
[2025-03-15 19:08:45Z INFO CommandSettings] Flag 'version': 'False'
[2025-03-15 19:08:45Z INFO CommandSettings] Flag 'commit': 'False'
[2025-03-15 19:08:45Z INFO CommandSettings] Flag 'check': 'False'
[2025-03-15 19:08:45Z INFO CommandSettings] Command 'configure': 'True'
[2025-03-15 19:08:45Z INFO Terminal] WRITE LINE: 
[2025-03-15 19:08:45Z INFO Terminal] WRITE LINE: --------------------------------------------------------------------------------
[2025-03-15 19:08:45Z INFO Terminal] WRITE LINE: |        ____ _ _   _   _       _          _        _   _                      |
[2025-03-15 19:08:45Z INFO Terminal] WRITE LINE: |       / ___(_) |_| | | |_   _| |__      / \   ___| |_(_) ___  _ __  ___      |
[2025-03-15 19:08:45Z INFO Terminal] WRITE LINE: |      | |  _| | __| |_| | | | | '_ \    / _ \ / __| __| |/ _ \| '_ \/ __|     |
[2025-03-15 19:08:45Z INFO Terminal] WRITE LINE: |      | |_| | | |_|  _  | |_| | |_) |  / ___ \ (__| |_| | (_) | | | \__ \     |
[2025-03-15 19:08:45Z INFO Terminal] WRITE LINE: |       \____|_|\__|_| |_|\__,_|_.__/  /_/   \_\___|\__|_|\___/|_| |_|___/     |
[2025-03-15 19:08:45Z INFO Terminal] WRITE LINE: |                                                                              |
[2025-03-15 19:08:45Z INFO Terminal] WRITE: |                       
[2025-03-15 19:08:45Z INFO Terminal] WRITE: Self-hosted runner registration
[2025-03-15 19:08:45Z INFO Terminal] WRITE LINE:                         |
[2025-03-15 19:08:45Z INFO Terminal] WRITE LINE: |                                                                              |
[2025-03-15 19:08:45Z INFO Terminal] WRITE LINE: --------------------------------------------------------------------------------
[2025-03-15 19:08:45Z INFO ConfigurationManager] ConfigureAsync
[2025-03-15 19:08:45Z INFO CommandSettings] Flag 'generateServiceConfig': 'False'
[2025-03-15 19:08:45Z INFO ConfigurationStore] IsConfigured()
[2025-03-15 19:08:45Z INFO ConfigurationStore] IsConfigured: False
[2025-03-15 19:08:45Z INFO ConfigurationManager] Is configured: False
[2025-03-15 19:08:45Z INFO CommandSettings] Arg 'url': 'https://github.com/dilip0007/poc4_new'
[2025-03-15 19:08:45Z INFO CommandSettings] Remove url from Arg dictionary.
[2025-03-15 19:08:45Z INFO CommandSettings] Arg 'token': '***'
[2025-03-15 19:08:45Z INFO CommandSettings] Remove token from Arg dictionary.
[2025-03-15 19:08:46Z INFO ConfigurationManager] Http response code: OK from 'POST https://api.github.com/actions/runner-registration' (F9D2:93E2A:3E9069:586B09:67D5D03D)
[2025-03-15 19:08:46Z INFO ConfigurationManager] Using V2 flow: False
[2025-03-15 19:08:46Z INFO ConfigurationManager] cred retrieved via GitHub auth
[2025-03-15 19:08:46Z INFO RunnerServer] EstablishVssConnection
[2025-03-15 19:08:46Z INFO RunnerServer] Establish connection with 100 seconds timeout.
[2025-03-15 19:08:46Z INFO GitHubActionsService] Starting operation Location.GetConnectionData
[2025-03-15 19:08:47Z INFO RunnerServer] EstablishVssConnection
[2025-03-15 19:08:47Z INFO RunnerServer] Establish connection with 60 seconds timeout.
[2025-03-15 19:08:47Z INFO GitHubActionsService] Starting operation Location.GetConnectionData
[2025-03-15 19:08:47Z INFO RunnerServer] EstablishVssConnection
[2025-03-15 19:08:47Z INFO RunnerServer] Establish connection with 60 seconds timeout.
[2025-03-15 19:08:47Z INFO GitHubActionsService] Starting operation Location.GetConnectionData
[2025-03-15 19:08:48Z INFO GitHubActionsService] Finished operation Location.GetConnectionData
[2025-03-15 19:08:48Z INFO GitHubActionsService] Finished operation Location.GetConnectionData
[2025-03-15 19:08:48Z INFO GitHubActionsService] Finished operation Location.GetConnectionData
[2025-03-15 19:08:48Z INFO Terminal] WRITE LINE: 
[2025-03-15 19:08:48Z INFO ConfigurationManager] Test Connection complete.
[2025-03-15 19:08:48Z INFO HostContext] Well known directory 'Bin': '/Users/dilipnigam/Downloads/poc4_new/actions-runner/bin'
[2025-03-15 19:08:48Z INFO HostContext] Well known directory 'Root': '/Users/dilipnigam/Downloads/poc4_new/actions-runner'
[2025-03-15 19:08:48Z INFO HostContext] Well known config file 'RSACredentials': '/Users/dilipnigam/Downloads/poc4_new/actions-runner/.credentials_rsaparams'
[2025-03-15 19:08:48Z INFO RSAFileKeyManager] Creating new RSA key using 2048-bit key length
[2025-03-15 19:08:49Z INFO RSAFileKeyManager] Successfully saved RSA key parameters to file /Users/dilipnigam/Downloads/poc4_new/actions-runner/.credentials_rsaparams
[2025-03-15 19:08:49Z INFO RSAFileKeyManager] Which2: 'chmod'
[2025-03-15 19:08:49Z INFO RSAFileKeyManager] Location: '/bin/chmod'
[2025-03-15 19:08:49Z INFO HostContext] Well known directory 'Bin': '/Users/dilipnigam/Downloads/poc4_new/actions-runner/bin'
[2025-03-15 19:08:49Z INFO HostContext] Well known directory 'Root': '/Users/dilipnigam/Downloads/poc4_new/actions-runner'
[2025-03-15 19:08:49Z INFO ProcessInvokerWrapper] Starting process:
[2025-03-15 19:08:49Z INFO ProcessInvokerWrapper]   File name: '/bin/chmod'
[2025-03-15 19:08:49Z INFO ProcessInvokerWrapper]   Arguments: '600 /Users/dilipnigam/Downloads/poc4_new/actions-runner/.credentials_rsaparams'
[2025-03-15 19:08:49Z INFO ProcessInvokerWrapper]   Working directory: '/Users/dilipnigam/Downloads/poc4_new/actions-runner'
[2025-03-15 19:08:49Z INFO ProcessInvokerWrapper]   Require exit code zero: 'False'
[2025-03-15 19:08:49Z INFO ProcessInvokerWrapper]   Encoding web name:  ; code page: ''
[2025-03-15 19:08:49Z INFO ProcessInvokerWrapper]   Force kill process on cancellation: 'False'
[2025-03-15 19:08:49Z INFO ProcessInvokerWrapper]   Redirected STDIN: 'False'
[2025-03-15 19:08:49Z INFO ProcessInvokerWrapper]   Persist current code page: 'False'
[2025-03-15 19:08:49Z INFO ProcessInvokerWrapper]   Keep redirected STDIN open: 'False'
[2025-03-15 19:08:49Z INFO ProcessInvokerWrapper]   High priority process: 'False'
[2025-03-15 19:08:49Z INFO ProcessInvokerWrapper] Process started with process id 55676, waiting for process exit.
[2025-03-15 19:08:49Z INFO ProcessInvokerWrapper] STDOUT/STDERR stream read finished.
[2025-03-15 19:08:49Z INFO ProcessInvokerWrapper] STDOUT/STDERR stream read finished.
[2025-03-15 19:08:49Z INFO ProcessInvokerWrapper] Finished process 55676 with exit code 0, and elapsed time 00:00:00.3256260.
[2025-03-15 19:08:49Z INFO RSAFileKeyManager] Successfully set permissions for RSA key parameters file /Users/dilipnigam/Downloads/poc4_new/actions-runner/.credentials_rsaparams
[2025-03-15 19:08:50Z INFO CommandSettings] Arg 'runnergroup': ''
[2025-03-15 19:08:50Z INFO CommandSettings] Flag 'unattended': 'False'
[2025-03-15 19:08:50Z INFO PromptManager] ReadValue
[2025-03-15 19:08:50Z INFO Terminal] WRITE: Enter the name of the runner group to add this runner to: 
[2025-03-15 19:08:50Z INFO Terminal] WRITE: [press Enter for Default] 
[2025-03-15 19:08:50Z INFO Terminal] READ LINE
[2025-03-15 19:08:55Z INFO Terminal] Read value: ''
[2025-03-15 19:08:55Z INFO PromptManager] Falling back to the default: 'Default'
[2025-03-15 19:08:55Z INFO Terminal] WRITE LINE: 
[2025-03-15 19:08:55Z INFO ConfigurationManager] Found a self-hosted runner group with id 1 and name Default
[2025-03-15 19:08:55Z INFO CommandSettings] Flag 'disableupdate': 'False'
[2025-03-15 19:08:55Z INFO CommandSettings] Flag 'ephemeral': 'False'
[2025-03-15 19:08:55Z INFO CommandSettings] Arg 'name': ''
[2025-03-15 19:08:55Z INFO CommandSettings] Flag 'unattended': 'False'
[2025-03-15 19:08:55Z INFO PromptManager] ReadValue
[2025-03-15 19:08:55Z INFO Terminal] WRITE: Enter the name of runner: 
[2025-03-15 19:08:55Z INFO Terminal] WRITE: [press Enter for Dilips-MacBook-Air] 
[2025-03-15 19:08:55Z INFO Terminal] READ LINE
[2025-03-15 19:08:57Z INFO Terminal] Read value: ''
[2025-03-15 19:08:57Z INFO PromptManager] Falling back to the default: 'Dilips-MacBook-Air'
[2025-03-15 19:08:57Z INFO Terminal] WRITE LINE: 
[2025-03-15 19:08:57Z INFO CommandSettings] Arg 'labels': ''
[2025-03-15 19:08:57Z INFO CommandSettings] Flag 'unattended': 'False'
[2025-03-15 19:08:57Z INFO PromptManager] ReadValue
[2025-03-15 19:08:57Z INFO Terminal] WRITE: This runner will have the following labels: 'self-hosted', 'macOS', 'X64' 
Enter any additional labels (ex. label-1,label-2): 
[2025-03-15 19:08:57Z INFO Terminal] WRITE: [press Enter to skip] 
[2025-03-15 19:08:57Z INFO Terminal] READ LINE
[2025-03-15 19:09:02Z INFO Terminal] Read value: ''
[2025-03-15 19:09:02Z INFO Terminal] WRITE LINE: 
[2025-03-15 19:09:02Z INFO CommandSettings] Flag 'disableupdate': 'False'
[2025-03-15 19:09:02Z INFO CommandSettings] Flag 'no-default-labels': 'False'
[2025-03-15 19:09:03Z INFO CommandSettings] Flag 'disableupdate': 'False'
[2025-03-15 19:09:03Z INFO CommandSettings] Flag 'ephemeral': 'False'
[2025-03-15 19:09:03Z INFO ConfigurationStore] Saving OAuth credential @ /Users/dilipnigam/Downloads/poc4_new/actions-runner/.credentials
[2025-03-15 19:09:03Z INFO ConfigurationStore] Credentials Saved.
[2025-03-15 19:09:03Z INFO ConfigurationStore] HasCredentials()
[2025-03-15 19:09:03Z INFO ConfigurationStore] stored True
[2025-03-15 19:09:03Z INFO CredentialManager] GetCredentialProvider
[2025-03-15 19:09:03Z INFO CredentialManager] Creating type OAuth
[2025-03-15 19:09:03Z INFO CredentialManager] Creating credential type: OAuth
[2025-03-15 19:09:03Z INFO RSAFileKeyManager] Loading RSA key parameters from file /Users/dilipnigam/Downloads/poc4_new/actions-runner/.credentials_rsaparams
[2025-03-15 19:09:03Z INFO RunnerServer] EstablishVssConnection
[2025-03-15 19:09:03Z INFO RunnerServer] Establish connection with 100 seconds timeout.
[2025-03-15 19:09:03Z INFO GitHubActionsService] Starting operation Location.GetConnectionData
[2025-03-15 19:09:03Z INFO RunnerServer] EstablishVssConnection
[2025-03-15 19:09:03Z INFO RunnerServer] Establish connection with 60 seconds timeout.
[2025-03-15 19:09:03Z INFO GitHubActionsService] Starting operation Location.GetConnectionData
[2025-03-15 19:09:03Z INFO RunnerServer] EstablishVssConnection
[2025-03-15 19:09:03Z INFO RunnerServer] Establish connection with 60 seconds timeout.
[2025-03-15 19:09:03Z INFO GitHubActionsService] Starting operation Location.GetConnectionData
[2025-03-15 19:09:04Z INFO GitHubActionsService] Finished operation Location.GetConnectionData
[2025-03-15 19:09:04Z INFO GitHubActionsService] Finished operation Location.GetConnectionData
[2025-03-15 19:09:04Z INFO GitHubActionsService] Finished operation Location.GetConnectionData
[2025-03-15 19:09:04Z INFO RSAFileKeyManager] Loading RSA key parameters from file /Users/dilipnigam/Downloads/poc4_new/actions-runner/.credentials_rsaparams
[2025-03-15 19:09:04Z INFO RSAFileKeyManager] Loading RSA key parameters from file /Users/dilipnigam/Downloads/poc4_new/actions-runner/.credentials_rsaparams
[2025-03-15 19:09:06Z INFO GitHubActionsService] AAD Correlation ID for this token request: Unknown
[2025-03-15 19:09:07Z INFO CommandSettings] Arg 'work': ''
[2025-03-15 19:09:07Z INFO CommandSettings] Flag 'unattended': 'False'
[2025-03-15 19:09:07Z INFO PromptManager] ReadValue
[2025-03-15 19:09:07Z INFO Terminal] WRITE: Enter name of work folder: 
[2025-03-15 19:09:07Z INFO Terminal] WRITE: [press Enter for _work] 
[2025-03-15 19:09:07Z INFO Terminal] READ LINE
[2025-03-15 19:09:15Z INFO Terminal] Read value: ''
[2025-03-15 19:09:15Z INFO PromptManager] Falling back to the default: '_work'
[2025-03-15 19:09:15Z INFO ConfigurationStore] Saving runner settings.
[2025-03-15 19:09:15Z INFO ConfigurationStore] Settings Saved.
[2025-03-15 19:09:15Z INFO Terminal] WRITE LINE: 
[2025-03-15 19:09:15Z INFO Terminal] WRITE LINE: 
[2025-03-15 19:09:15Z INFO OsxServiceControlManager] Service name 'actions.runner.dilip0007-poc4_new.Dilips-MacBook-Air' display name 'GitHub Actions Runner (dilip0007-poc4_new.Dilips-MacBook-Air)' will be used for service configuration.
[2025-03-15 19:09:15Z INFO HostContext] Well known directory 'Bin': '/Users/dilipnigam/Downloads/poc4_new/actions-runner/bin'
[2025-03-15 19:09:15Z INFO HostContext] Well known directory 'Root': '/Users/dilipnigam/Downloads/poc4_new/actions-runner'
[2025-03-15 19:09:15Z INFO HostContext] Well known directory 'Bin': '/Users/dilipnigam/Downloads/poc4_new/actions-runner/bin'
[2025-03-15 19:09:15Z INFO HostContext] Well known directory 'Bin': '/Users/dilipnigam/Downloads/poc4_new/actions-runner/bin'
[2025-03-15 19:09:15Z INFO HostContext] Well known directory 'Root': '/Users/dilipnigam/Downloads/poc4_new/actions-runner'
[2025-03-15 19:09:15Z INFO UnixUtil] Which2: 'chmod'
[2025-03-15 19:09:15Z INFO UnixUtil] Location: '/bin/chmod'
[2025-03-15 19:09:15Z INFO UnixUtil] Running /bin/chmod 755 "/Users/dilipnigam/Downloads/poc4_new/actions-runner/svc.sh"
[2025-03-15 19:09:15Z INFO ProcessInvokerWrapper] Starting process:
[2025-03-15 19:09:15Z INFO ProcessInvokerWrapper]   File name: '/bin/chmod'
[2025-03-15 19:09:15Z INFO ProcessInvokerWrapper]   Arguments: '755 "/Users/dilipnigam/Downloads/poc4_new/actions-runner/svc.sh"'
[2025-03-15 19:09:15Z INFO ProcessInvokerWrapper]   Working directory: '/Users/dilipnigam/Downloads/poc4_new/actions-runner'
[2025-03-15 19:09:15Z INFO ProcessInvokerWrapper]   Require exit code zero: 'True'
[2025-03-15 19:09:15Z INFO ProcessInvokerWrapper]   Encoding web name:  ; code page: ''
[2025-03-15 19:09:15Z INFO ProcessInvokerWrapper]   Force kill process on cancellation: 'False'
[2025-03-15 19:09:15Z INFO ProcessInvokerWrapper]   Redirected STDIN: 'False'
[2025-03-15 19:09:15Z INFO ProcessInvokerWrapper]   Persist current code page: 'False'
[2025-03-15 19:09:15Z INFO ProcessInvokerWrapper]   Keep redirected STDIN open: 'False'
[2025-03-15 19:09:15Z INFO ProcessInvokerWrapper]   High priority process: 'False'
[2025-03-15 19:09:15Z INFO ProcessInvokerWrapper] Process started with process id 55717, waiting for process exit.
[2025-03-15 19:09:15Z INFO ProcessInvokerWrapper] STDOUT/STDERR stream read finished.
[2025-03-15 19:09:15Z INFO ProcessInvokerWrapper] STDOUT/STDERR stream read finished.
[2025-03-15 19:09:15Z INFO ProcessInvokerWrapper] Finished process 55717 with exit code 0, and elapsed time 00:00:00.0888326.
[2025-03-15 19:09:15Z INFO Listener] Runner execution has finished with return code 0
