[2025-03-15 19:00:10Z INFO HostContext] No proxy settings were found based on environmental variables (http_proxy/https_proxy/HTTP_PROXY/HTTPS_PROXY)
[2025-03-15 19:00:10Z INFO HostContext] Well known directory 'Bin': '/Users/dilipnigam/Downloads/poc4_new/actions-runner/bin'
[2025-03-15 19:00:10Z INFO HostContext] Well known directory 'Root': '/Users/dilipnigam/Downloads/poc4_new/actions-runner'
[2025-03-15 19:00:10Z INFO HostContext] Well known config file 'Credentials': '/Users/dilipnigam/Downloads/poc4_new/actions-runner/.credentials'
[2025-03-15 19:00:10Z INFO HostContext] Well known directory 'Bin': '/Users/dilipnigam/Downloads/poc4_new/actions-runner/bin'
[2025-03-15 19:00:10Z INFO HostContext] Well known directory 'Root': '/Users/dilipnigam/Downloads/poc4_new/actions-runner'
[2025-03-15 19:00:10Z INFO HostContext] Well known config file 'Runner': '/Users/dilipnigam/Downloads/poc4_new/actions-runner/.runner'
[2025-03-15 19:00:10Z INFO Listener] Runner is built for OSX (X64) - osx-x64.
[2025-03-15 19:00:10Z INFO Listener] RuntimeInformation: Darwin 24.1.0 Darwin Kernel Version 24.1.0: Thu Oct 10 21:05:14 PDT 2024; root:xnu-11215.41.3~2/RELEASE_ARM64_T8103.
[2025-03-15 19:00:10Z INFO Listener] Version: 2.322.0
[2025-03-15 19:00:10Z INFO Listener] Commit: 0edc478ca75d0a753dcbcec7405f3f26db67b1ac
[2025-03-15 19:00:10Z INFO Listener] Culture: en-US
[2025-03-15 19:00:10Z INFO Listener] UI Culture: en-US
[2025-03-15 19:00:10Z INFO HostContext] Well known directory 'Bin': '/Users/dilipnigam/Downloads/poc4_new/actions-runner/bin'
[2025-03-15 19:00:10Z INFO HostContext] Well known directory 'Root': '/Users/dilipnigam/Downloads/poc4_new/actions-runner'
[2025-03-15 19:00:10Z INFO Listener] Validating directory permissions for: '/Users/dilipnigam/Downloads/poc4_new/actions-runner'
[2025-03-15 19:00:10Z INFO CommandLineParser] Parse
[2025-03-15 19:00:10Z INFO CommandLineParser] Parsing 1 args
[2025-03-15 19:00:10Z INFO CommandLineParser] parsing argument
[2025-03-15 19:00:10Z INFO CommandLineParser] HasArgs: False
[2025-03-15 19:00:10Z INFO CommandLineParser] Adding Command: remove
[2025-03-15 19:00:10Z INFO Listener] Arguments parsed
[2025-03-15 19:00:10Z INFO Runner] ExecuteCommand
[2025-03-15 19:00:10Z INFO ConfigurationStore] currentAssemblyLocation: /Users/dilipnigam/Downloads/poc4_new/actions-runner/bin/Runner.Listener.dll
[2025-03-15 19:00:10Z INFO HostContext] Well known directory 'Bin': '/Users/dilipnigam/Downloads/poc4_new/actions-runner/bin'
[2025-03-15 19:00:10Z INFO ConfigurationStore] binPath: /Users/dilipnigam/Downloads/poc4_new/actions-runner/bin
[2025-03-15 19:00:10Z INFO HostContext] Well known directory 'Bin': '/Users/dilipnigam/Downloads/poc4_new/actions-runner/bin'
[2025-03-15 19:00:10Z INFO HostContext] Well known directory 'Root': '/Users/dilipnigam/Downloads/poc4_new/actions-runner'
[2025-03-15 19:00:10Z INFO ConfigurationStore] RootFolder: /Users/dilipnigam/Downloads/poc4_new/actions-runner
[2025-03-15 19:00:10Z INFO HostContext] Well known directory 'Bin': '/Users/dilipnigam/Downloads/poc4_new/actions-runner/bin'
[2025-03-15 19:00:10Z INFO HostContext] Well known directory 'Root': '/Users/dilipnigam/Downloads/poc4_new/actions-runner'
[2025-03-15 19:00:10Z INFO HostContext] Well known config file 'Runner': '/Users/dilipnigam/Downloads/poc4_new/actions-runner/.runner'
[2025-03-15 19:00:10Z INFO ConfigurationStore] ConfigFilePath: /Users/dilipnigam/Downloads/poc4_new/actions-runner/.runner
[2025-03-15 19:00:10Z INFO HostContext] Well known directory 'Bin': '/Users/dilipnigam/Downloads/poc4_new/actions-runner/bin'
[2025-03-15 19:00:10Z INFO HostContext] Well known directory 'Root': '/Users/dilipnigam/Downloads/poc4_new/actions-runner'
[2025-03-15 19:00:10Z INFO HostContext] Well known config file 'Credentials': '/Users/dilipnigam/Downloads/poc4_new/actions-runner/.credentials'
[2025-03-15 19:00:10Z INFO ConfigurationStore] CredFilePath: /Users/dilipnigam/Downloads/poc4_new/actions-runner/.credentials
[2025-03-15 19:00:10Z INFO HostContext] Well known directory 'Bin': '/Users/dilipnigam/Downloads/poc4_new/actions-runner/bin'
[2025-03-15 19:00:10Z INFO HostContext] Well known directory 'Root': '/Users/dilipnigam/Downloads/poc4_new/actions-runner'
[2025-03-15 19:00:10Z INFO HostContext] Well known config file 'MigratedCredentials': '/Users/dilipnigam/Downloads/poc4_new/actions-runner/.credentials_migrated'
[2025-03-15 19:00:10Z INFO ConfigurationStore] MigratedCredFilePath: /Users/dilipnigam/Downloads/poc4_new/actions-runner/.credentials_migrated
[2025-03-15 19:00:10Z INFO HostContext] Well known directory 'Bin': '/Users/dilipnigam/Downloads/poc4_new/actions-runner/bin'
[2025-03-15 19:00:10Z INFO HostContext] Well known directory 'Root': '/Users/dilipnigam/Downloads/poc4_new/actions-runner'
[2025-03-15 19:00:10Z INFO HostContext] Well known config file 'Service': '/Users/dilipnigam/Downloads/poc4_new/actions-runner/.service'
[2025-03-15 19:00:10Z INFO ConfigurationStore] ServiceConfigFilePath: /Users/dilipnigam/Downloads/poc4_new/actions-runner/.service
[2025-03-15 19:00:10Z INFO CommandSettings] Flag 'help': 'False'
[2025-03-15 19:00:10Z INFO CommandSettings] Flag 'version': 'False'
[2025-03-15 19:00:10Z INFO CommandSettings] Flag 'commit': 'False'
[2025-03-15 19:00:10Z INFO CommandSettings] Flag 'check': 'False'
[2025-03-15 19:00:10Z INFO CommandSettings] Command 'configure': 'False'
[2025-03-15 19:00:10Z INFO CommandSettings] Command 'remove': 'True'
[2025-03-15 19:00:10Z INFO CommandSettings] Flag 'local': 'False'
[2025-03-15 19:00:10Z INFO ConfigurationStore] IsServiceConfigured()
[2025-03-15 19:00:10Z INFO ConfigurationStore] IsServiceConfigured: False
[2025-03-15 19:00:10Z INFO ConfigurationStore] IsConfigured()
[2025-03-15 19:00:10Z INFO ConfigurationStore] IsConfigured: False
[2025-03-15 19:00:10Z INFO ConfigurationStore] HasCredentials()
[2025-03-15 19:00:10Z INFO ConfigurationStore] stored False
[2025-03-15 19:00:10Z INFO Terminal] WRITE LINE: Cannot connect to server, because config files are missing. Skipping removing runner from the server.
[2025-03-15 19:00:10Z INFO ConfigurationStore] IsConfigured()
[2025-03-15 19:00:10Z INFO ConfigurationStore] IsConfigured: False
[2025-03-15 19:00:10Z INFO ConfigurationStore] HasCredentials()
[2025-03-15 19:00:10Z INFO ConfigurationStore] stored False
[2025-03-15 19:00:10Z INFO Terminal] WRITE LINE: Does not exist. Skipping Removing .credentials
[2025-03-15 19:00:10Z INFO Terminal] WRITE LINE: Does not exist. Skipping Removing .runner
[2025-03-15 19:00:10Z INFO Terminal] WRITE LINE: 
[2025-03-15 19:00:10Z INFO Listener] Runner execution has finished with return code 0
