[2025-03-15 19:05:18Z INFO HostContext] No proxy settings were found based on environmental variables (http_proxy/https_proxy/HTTP_PROXY/HTTPS_PROXY)
[2025-03-15 19:05:18Z INFO HostContext] Well known directory 'Bin': '/Users/dilipnigam/Downloads/poc4_new/actions-runner/bin'
[2025-03-15 19:05:18Z INFO HostContext] Well known directory 'Root': '/Users/dilipnigam/Downloads/poc4_new/actions-runner'
[2025-03-15 19:05:18Z INFO HostContext] Well known config file 'Credentials': '/Users/dilipnigam/Downloads/poc4_new/actions-runner/.credentials'
[2025-03-15 19:05:18Z INFO HostContext] Well known directory 'Bin': '/Users/dilipnigam/Downloads/poc4_new/actions-runner/bin'
[2025-03-15 19:05:18Z INFO HostContext] Well known directory 'Root': '/Users/dilipnigam/Downloads/poc4_new/actions-runner'
[2025-03-15 19:05:18Z INFO HostContext] Well known config file 'Runner': '/Users/dilipnigam/Downloads/poc4_new/actions-runner/.runner'
[2025-03-15 19:05:18Z INFO Listener] Runner is built for OSX (X64) - osx-x64.
[2025-03-15 19:05:18Z INFO Listener] RuntimeInformation: Darwin 24.1.0 Darwin Kernel Version 24.1.0: Thu Oct 10 21:05:14 PDT 2024; root:xnu-11215.41.3~2/RELEASE_ARM64_T8103.
[2025-03-15 19:05:18Z INFO Listener] Version: 2.322.0
[2025-03-15 19:05:18Z INFO Listener] Commit: 0edc478ca75d0a753dcbcec7405f3f26db67b1ac
[2025-03-15 19:05:18Z INFO Listener] Culture: en-US
[2025-03-15 19:05:18Z INFO Listener] UI Culture: en-US
[2025-03-15 19:05:18Z INFO HostContext] Well known directory 'Bin': '/Users/dilipnigam/Downloads/poc4_new/actions-runner/bin'
[2025-03-15 19:05:18Z INFO HostContext] Well known directory 'Root': '/Users/dilipnigam/Downloads/poc4_new/actions-runner'
[2025-03-15 19:05:18Z INFO Listener] Validating directory permissions for: '/Users/dilipnigam/Downloads/poc4_new/actions-runner'
[2025-03-15 19:05:18Z INFO CommandLineParser] Parse
[2025-03-15 19:05:18Z INFO CommandLineParser] Parsing 5 args
[2025-03-15 19:05:18Z INFO CommandLineParser] parsing argument
[2025-03-15 19:05:18Z INFO CommandLineParser] HasArgs: False
[2025-03-15 19:05:18Z INFO CommandLineParser] Adding Command: configure
[2025-03-15 19:05:18Z INFO CommandLineParser] parsing argument
[2025-03-15 19:05:18Z INFO CommandLineParser] HasArgs: True
[2025-03-15 19:05:18Z INFO CommandLineParser] arg: url
[2025-03-15 19:05:18Z INFO CommandLineParser] parsing argument
[2025-03-15 19:05:18Z INFO CommandLineParser] HasArgs: True
[2025-03-15 19:05:18Z INFO CommandLineParser] Adding option 'url': 'https://github.com/dilip0007/poc4'
[2025-03-15 19:05:18Z INFO CommandLineParser] parsing argument
[2025-03-15 19:05:18Z INFO CommandLineParser] HasArgs: True
[2025-03-15 19:05:18Z INFO CommandLineParser] arg: token
[2025-03-15 19:05:18Z INFO CommandLineParser] parsing argument
[2025-03-15 19:05:18Z INFO CommandLineParser] HasArgs: True
[2025-03-15 19:05:18Z INFO CommandLineParser] Adding option 'token': '***'
[2025-03-15 19:05:18Z INFO Listener] Arguments parsed
[2025-03-15 19:05:18Z INFO Runner] ExecuteCommand
[2025-03-15 19:05:18Z INFO ConfigurationStore] currentAssemblyLocation: /Users/dilipnigam/Downloads/poc4_new/actions-runner/bin/Runner.Listener.dll
[2025-03-15 19:05:18Z INFO HostContext] Well known directory 'Bin': '/Users/dilipnigam/Downloads/poc4_new/actions-runner/bin'
[2025-03-15 19:05:18Z INFO ConfigurationStore] binPath: /Users/dilipnigam/Downloads/poc4_new/actions-runner/bin
[2025-03-15 19:05:18Z INFO HostContext] Well known directory 'Bin': '/Users/dilipnigam/Downloads/poc4_new/actions-runner/bin'
[2025-03-15 19:05:18Z INFO HostContext] Well known directory 'Root': '/Users/dilipnigam/Downloads/poc4_new/actions-runner'
[2025-03-15 19:05:18Z INFO ConfigurationStore] RootFolder: /Users/dilipnigam/Downloads/poc4_new/actions-runner
[2025-03-15 19:05:18Z INFO HostContext] Well known directory 'Bin': '/Users/dilipnigam/Downloads/poc4_new/actions-runner/bin'
[2025-03-15 19:05:18Z INFO HostContext] Well known directory 'Root': '/Users/dilipnigam/Downloads/poc4_new/actions-runner'
[2025-03-15 19:05:18Z INFO HostContext] Well known config file 'Runner': '/Users/dilipnigam/Downloads/poc4_new/actions-runner/.runner'
[2025-03-15 19:05:18Z INFO ConfigurationStore] ConfigFilePath: /Users/dilipnigam/Downloads/poc4_new/actions-runner/.runner
[2025-03-15 19:05:18Z INFO HostContext] Well known directory 'Bin': '/Users/dilipnigam/Downloads/poc4_new/actions-runner/bin'
[2025-03-15 19:05:18Z INFO HostContext] Well known directory 'Root': '/Users/dilipnigam/Downloads/poc4_new/actions-runner'
[2025-03-15 19:05:18Z INFO HostContext] Well known config file 'Credentials': '/Users/dilipnigam/Downloads/poc4_new/actions-runner/.credentials'
[2025-03-15 19:05:18Z INFO ConfigurationStore] CredFilePath: /Users/dilipnigam/Downloads/poc4_new/actions-runner/.credentials
[2025-03-15 19:05:18Z INFO HostContext] Well known directory 'Bin': '/Users/dilipnigam/Downloads/poc4_new/actions-runner/bin'
[2025-03-15 19:05:18Z INFO HostContext] Well known directory 'Root': '/Users/dilipnigam/Downloads/poc4_new/actions-runner'
[2025-03-15 19:05:18Z INFO HostContext] Well known config file 'MigratedCredentials': '/Users/dilipnigam/Downloads/poc4_new/actions-runner/.credentials_migrated'
[2025-03-15 19:05:18Z INFO ConfigurationStore] MigratedCredFilePath: /Users/dilipnigam/Downloads/poc4_new/actions-runner/.credentials_migrated
[2025-03-15 19:05:18Z INFO HostContext] Well known directory 'Bin': '/Users/dilipnigam/Downloads/poc4_new/actions-runner/bin'
[2025-03-15 19:05:18Z INFO HostContext] Well known directory 'Root': '/Users/dilipnigam/Downloads/poc4_new/actions-runner'
[2025-03-15 19:05:18Z INFO HostContext] Well known config file 'Service': '/Users/dilipnigam/Downloads/poc4_new/actions-runner/.service'
[2025-03-15 19:05:18Z INFO ConfigurationStore] ServiceConfigFilePath: /Users/dilipnigam/Downloads/poc4_new/actions-runner/.service
[2025-03-15 19:05:18Z INFO CommandSettings] Flag 'help': 'False'
[2025-03-15 19:05:18Z INFO CommandSettings] Flag 'version': 'False'
[2025-03-15 19:05:18Z INFO CommandSettings] Flag 'commit': 'False'
[2025-03-15 19:05:18Z INFO CommandSettings] Flag 'check': 'False'
[2025-03-15 19:05:18Z INFO CommandSettings] Command 'configure': 'True'
[2025-03-15 19:05:18Z INFO Terminal] WRITE LINE: 
[2025-03-15 19:05:18Z INFO Terminal] WRITE LINE: --------------------------------------------------------------------------------
[2025-03-15 19:05:18Z INFO Terminal] WRITE LINE: |        ____ _ _   _   _       _          _        _   _                      |
[2025-03-15 19:05:18Z INFO Terminal] WRITE LINE: |       / ___(_) |_| | | |_   _| |__      / \   ___| |_(_) ___  _ __  ___      |
[2025-03-15 19:05:18Z INFO Terminal] WRITE LINE: |      | |  _| | __| |_| | | | | '_ \    / _ \ / __| __| |/ _ \| '_ \/ __|     |
[2025-03-15 19:05:18Z INFO Terminal] WRITE LINE: |      | |_| | | |_|  _  | |_| | |_) |  / ___ \ (__| |_| | (_) | | | \__ \     |
[2025-03-15 19:05:18Z INFO Terminal] WRITE LINE: |       \____|_|\__|_| |_|\__,_|_.__/  /_/   \_\___|\__|_|\___/|_| |_|___/     |
[2025-03-15 19:05:18Z INFO Terminal] WRITE LINE: |                                                                              |
[2025-03-15 19:05:18Z INFO Terminal] WRITE: |                       
[2025-03-15 19:05:18Z INFO Terminal] WRITE: Self-hosted runner registration
[2025-03-15 19:05:18Z INFO Terminal] WRITE LINE:                         |
[2025-03-15 19:05:18Z INFO Terminal] WRITE LINE: |                                                                              |
[2025-03-15 19:05:18Z INFO Terminal] WRITE LINE: --------------------------------------------------------------------------------
[2025-03-15 19:05:18Z INFO ConfigurationManager] ConfigureAsync
[2025-03-15 19:05:18Z INFO CommandSettings] Flag 'generateServiceConfig': 'False'
[2025-03-15 19:05:18Z INFO ConfigurationStore] IsConfigured()
[2025-03-15 19:05:18Z INFO ConfigurationStore] IsConfigured: False
[2025-03-15 19:05:18Z INFO ConfigurationManager] Is configured: False
[2025-03-15 19:05:18Z INFO CommandSettings] Arg 'url': 'https://github.com/dilip0007/poc4'
[2025-03-15 19:05:18Z INFO CommandSettings] Remove url from Arg dictionary.
[2025-03-15 19:05:19Z INFO CommandSettings] Arg 'token': '***'
[2025-03-15 19:05:19Z INFO CommandSettings] Remove token from Arg dictionary.
[2025-03-15 19:05:19Z ERR  Terminal] WRITE ERROR: Http response code: NotFound from 'POST https://api.github.com/actions/runner-registration' (Request Id: F9B2:0B09:8968F:C6523:67D5CF6F)
[2025-03-15 19:05:19Z ERR  Terminal] WRITE ERROR: {"message":"Not Found","documentation_url":"https://docs.github.com/rest","status":"404"}
[2025-03-15 19:05:20Z ERR  Runner] System.Net.Http.HttpRequestException: Response status code does not indicate success: 404 (Not Found).
   at System.Net.Http.HttpResponseMessage.EnsureSuccessStatusCode()
   at GitHub.Runner.Listener.Configuration.ConfigurationManager.GetTenantCredential(String githubUrl, String githubToken, String runnerEvent)
   at GitHub.Runner.Listener.Configuration.ConfigurationManager.ConfigureAsync(CommandSettings command)
   at GitHub.Runner.Listener.Runner.ExecuteCommand(CommandSettings command)
[2025-03-15 19:05:20Z ERR  Terminal] WRITE ERROR: Response status code does not indicate success: 404 (Not Found).
[2025-03-15 19:05:20Z INFO Listener] Runner execution has finished with return code 1
